2017-12-01 14:19:45.117401: I tensorflow/core/platform/cpu_feature_guard.cc:137] Your CPU supports instructions that this TensorFlow binary was not compiled to use: SSE4.1 SSE4.2 AVX AVX2 FMA
2017-12-01 14:19:45.495219: I tensorflow/core/common_runtime/gpu/gpu_device.cc:1030] Found device 0 with properties: 
name: Tesla K40m major: 3 minor: 5 memoryClockRate(GHz): 0.745
pciBusID: 0000:02:00.0
totalMemory: 11.17GiB freeMemory: 11.09GiB
2017-12-01 14:19:45.690645: I tensorflow/core/common_runtime/gpu/gpu_device.cc:1030] Found device 1 with properties: 
name: Tesla K40m major: 3 minor: 5 memoryClockRate(GHz): 0.745
pciBusID: 0000:03:00.0
totalMemory: 11.17GiB freeMemory: 11.09GiB
2017-12-01 14:19:45.892716: I tensorflow/core/common_runtime/gpu/gpu_device.cc:1030] Found device 2 with properties: 
name: Tesla K40m major: 3 minor: 5 memoryClockRate(GHz): 0.745
pciBusID: 0000:82:00.0
totalMemory: 11.17GiB freeMemory: 11.09GiB
2017-12-01 14:19:46.090778: I tensorflow/core/common_runtime/gpu/gpu_device.cc:1030] Found device 3 with properties: 
name: Tesla K40m major: 3 minor: 5 memoryClockRate(GHz): 0.745
pciBusID: 0000:83:00.0
totalMemory: 11.17GiB freeMemory: 11.09GiB
2017-12-01 14:19:46.091314: I tensorflow/core/common_runtime/gpu/gpu_device.cc:1045] Device peer to peer matrix
2017-12-01 14:19:46.091406: I tensorflow/core/common_runtime/gpu/gpu_device.cc:1051] DMA: 0 1 2 3 
2017-12-01 14:19:46.091415: I tensorflow/core/common_runtime/gpu/gpu_device.cc:1061] 0:   Y Y N N 
2017-12-01 14:19:46.091419: I tensorflow/core/common_runtime/gpu/gpu_device.cc:1061] 1:   Y Y N N 
2017-12-01 14:19:46.091423: I tensorflow/core/common_runtime/gpu/gpu_device.cc:1061] 2:   N N Y Y 
2017-12-01 14:19:46.091426: I tensorflow/core/common_runtime/gpu/gpu_device.cc:1061] 3:   N N Y Y 
2017-12-01 14:19:46.091461: I tensorflow/core/common_runtime/gpu/gpu_device.cc:1120] Creating TensorFlow device (/device:GPU:0) -> (device: 0, name: Tesla K40m, pci bus id: 0000:02:00.0, compute capability: 3.5)
2017-12-01 14:19:46.091470: I tensorflow/core/common_runtime/gpu/gpu_device.cc:1120] Creating TensorFlow device (/device:GPU:1) -> (device: 1, name: Tesla K40m, pci bus id: 0000:03:00.0, compute capability: 3.5)
2017-12-01 14:19:46.091474: I tensorflow/core/common_runtime/gpu/gpu_device.cc:1120] Creating TensorFlow device (/device:GPU:2) -> (device: 2, name: Tesla K40m, pci bus id: 0000:82:00.0, compute capability: 3.5)
2017-12-01 14:19:46.091478: I tensorflow/core/common_runtime/gpu/gpu_device.cc:1120] Creating TensorFlow device (/device:GPU:3) -> (device: 3, name: Tesla K40m, pci bus id: 0000:83:00.0, compute capability: 3.5)
Extracting data/train-images-idx3-ubyte.gz
Extracting data/train-labels-idx1-ubyte.gz
Extracting data/t10k-images-idx3-ubyte.gz
Extracting data/t10k-labels-idx1-ubyte.gz
Step 0: loss = 2.28 (0.191 sec)
Step 100: loss = 2.11 (0.001 sec)
Step 200: loss = 2.01 (0.001 sec)
Step 300: loss = 1.74 (0.001 sec)
Step 400: loss = 1.37 (0.001 sec)
Step 500: loss = 1.16 (0.001 sec)
Step 600: loss = 0.98 (0.001 sec)
Step 700: loss = 0.78 (0.001 sec)
Step 800: loss = 0.68 (0.001 sec)
Step 900: loss = 0.63 (0.001 sec)
Training Data Eval:
Num examples: 55000  Num correct: 47404  Precision @ 1: 0.8619
Validation Data Eval:
Num examples: 5000  Num correct: 4357  Precision @ 1: 0.8714
Test Data Eval:
Num examples: 10000  Num correct: 8676  Precision @ 1: 0.8676
Step 1000: loss = 0.52 (0.002 sec)
Step 1100: loss = 0.47 (0.096 sec)
Step 1200: loss = 0.47 (0.001 sec)
Step 1300: loss = 0.51 (0.001 sec)
Step 1400: loss = 0.57 (0.001 sec)
Step 1500: loss = 0.33 (0.001 sec)
Step 1600: loss = 0.44 (0.001 sec)
Step 1700: loss = 0.55 (0.001 sec)
Step 1800: loss = 0.37 (0.001 sec)
Step 1900: loss = 0.43 (0.001 sec)
Training Data Eval:
Num examples: 55000  Num correct: 49351  Precision @ 1: 0.8973
Validation Data Eval:
Num examples: 5000  Num correct: 4530  Precision @ 1: 0.9060
Test Data Eval:
Num examples: 10000  Num correct: 9016  Precision @ 1: 0.9016
