2017-12-09 16:40:29.973568: I tensorflow/core/platform/cpu_feature_guard.cc:137] Your CPU supports instructions that this TensorFlow binary was not compiled to use: SSE4.1 SSE4.2 AVX AVX2 FMA
2017-12-09 16:40:30.218394: I tensorflow/core/common_runtime/gpu/gpu_device.cc:1030] Found device 0 with properties: 
name: Tesla K40m major: 3 minor: 5 memoryClockRate(GHz): 0.745
pciBusID: 0000:02:00.0
totalMemory: 11.17GiB freeMemory: 10.95GiB
2017-12-09 16:40:30.416219: I tensorflow/core/common_runtime/gpu/gpu_device.cc:1030] Found device 1 with properties: 
name: Tesla K40m major: 3 minor: 5 memoryClockRate(GHz): 0.745
pciBusID: 0000:03:00.0
totalMemory: 11.17GiB freeMemory: 11.02GiB
2017-12-09 16:40:30.614815: I tensorflow/core/common_runtime/gpu/gpu_device.cc:1030] Found device 2 with properties: 
name: Tesla K40m major: 3 minor: 5 memoryClockRate(GHz): 0.745
pciBusID: 0000:82:00.0
totalMemory: 11.17GiB freeMemory: 11.02GiB
2017-12-09 16:40:30.818544: I tensorflow/core/common_runtime/gpu/gpu_device.cc:1030] Found device 3 with properties: 
name: Tesla K40m major: 3 minor: 5 memoryClockRate(GHz): 0.745
pciBusID: 0000:83:00.0
totalMemory: 11.17GiB freeMemory: 7.43GiB
2017-12-09 16:40:30.818986: I tensorflow/core/common_runtime/gpu/gpu_device.cc:1045] Device peer to peer matrix
2017-12-09 16:40:30.819090: I tensorflow/core/common_runtime/gpu/gpu_device.cc:1051] DMA: 0 1 2 3 
2017-12-09 16:40:30.819100: I tensorflow/core/common_runtime/gpu/gpu_device.cc:1061] 0:   Y Y N N 
2017-12-09 16:40:30.819104: I tensorflow/core/common_runtime/gpu/gpu_device.cc:1061] 1:   Y Y N N 
2017-12-09 16:40:30.819108: I tensorflow/core/common_runtime/gpu/gpu_device.cc:1061] 2:   N N Y Y 
2017-12-09 16:40:30.819113: I tensorflow/core/common_runtime/gpu/gpu_device.cc:1061] 3:   N N Y Y 
2017-12-09 16:40:30.819128: I tensorflow/core/common_runtime/gpu/gpu_device.cc:1120] Creating TensorFlow device (/device:GPU:0) -> (device: 0, name: Tesla K40m, pci bus id: 0000:02:00.0, compute capability: 3.5)
2017-12-09 16:40:30.819135: I tensorflow/core/common_runtime/gpu/gpu_device.cc:1120] Creating TensorFlow device (/device:GPU:1) -> (device: 1, name: Tesla K40m, pci bus id: 0000:03:00.0, compute capability: 3.5)
2017-12-09 16:40:30.819140: I tensorflow/core/common_runtime/gpu/gpu_device.cc:1120] Creating TensorFlow device (/device:GPU:2) -> (device: 2, name: Tesla K40m, pci bus id: 0000:82:00.0, compute capability: 3.5)
2017-12-09 16:40:30.819144: I tensorflow/core/common_runtime/gpu/gpu_device.cc:1120] Creating TensorFlow device (/device:GPU:3) -> (device: 3, name: Tesla K40m, pci bus id: 0000:83:00.0, compute capability: 3.5)
Extracting data/train-images-idx3-ubyte.gz
Extracting data/train-labels-idx1-ubyte.gz
Extracting data/t10k-images-idx3-ubyte.gz
Extracting data/t10k-labels-idx1-ubyte.gz
Step 0: loss = 2.31 (0.880 sec)
Step 100: loss = 2.17 (0.001 sec)
Step 200: loss = 1.96 (0.001 sec)
Step 300: loss = 1.63 (0.001 sec)
Step 400: loss = 1.14 (0.001 sec)
Step 500: loss = 0.96 (0.001 sec)
Step 600: loss = 0.68 (0.001 sec)
Step 700: loss = 0.70 (0.001 sec)
Step 800: loss = 0.62 (0.001 sec)
Step 900: loss = 0.57 (0.002 sec)
Training Data Eval:
Num examples: 55000  Num correct: 47702  Precision @ 1: 0.8673
Validation Data Eval:
Num examples: 5000  Num correct: 4364  Precision @ 1: 0.8728
Test Data Eval:
Num examples: 10000  Num correct: 8774  Precision @ 1: 0.8774
Step 1000: loss = 0.51 (0.015 sec)
Step 1100: loss = 0.54 (3.115 sec)
Step 1200: loss = 0.40 (0.001 sec)
Step 1300: loss = 0.39 (0.002 sec)
Step 1400: loss = 0.40 (0.002 sec)
Step 1500: loss = 0.49 (0.002 sec)
Step 1600: loss = 0.47 (0.001 sec)
Step 1700: loss = 0.40 (0.001 sec)
Step 1800: loss = 0.36 (0.001 sec)
Step 1900: loss = 0.25 (0.001 sec)
Training Data Eval:
Num examples: 55000  Num correct: 49464  Precision @ 1: 0.8993
Validation Data Eval:
Num examples: 5000  Num correct: 4533  Precision @ 1: 0.9066
Test Data Eval:
Num examples: 10000  Num correct: 9026  Precision @ 1: 0.9026
