2017-12-01 14:00:55.955242: I tensorflow/core/platform/cpu_feature_guard.cc:137] Your CPU supports instructions that this TensorFlow binary was not compiled to use: SSE4.1 SSE4.2 AVX AVX2 FMA
2017-12-01 14:00:56.305556: I tensorflow/core/common_runtime/gpu/gpu_device.cc:1030] Found device 0 with properties: 
name: Tesla K40m major: 3 minor: 5 memoryClockRate(GHz): 0.745
pciBusID: 0000:02:00.0
totalMemory: 11.17GiB freeMemory: 11.09GiB
2017-12-01 14:00:56.495532: I tensorflow/core/common_runtime/gpu/gpu_device.cc:1030] Found device 1 with properties: 
name: Tesla K40m major: 3 minor: 5 memoryClockRate(GHz): 0.745
pciBusID: 0000:03:00.0
totalMemory: 11.17GiB freeMemory: 11.09GiB
2017-12-01 14:00:56.693127: I tensorflow/core/common_runtime/gpu/gpu_device.cc:1030] Found device 2 with properties: 
name: Tesla K40m major: 3 minor: 5 memoryClockRate(GHz): 0.745
pciBusID: 0000:82:00.0
totalMemory: 11.17GiB freeMemory: 11.09GiB
2017-12-01 14:00:56.891016: I tensorflow/core/common_runtime/gpu/gpu_device.cc:1030] Found device 3 with properties: 
name: Tesla K40m major: 3 minor: 5 memoryClockRate(GHz): 0.745
pciBusID: 0000:83:00.0
totalMemory: 11.17GiB freeMemory: 11.09GiB
2017-12-01 14:00:56.891460: I tensorflow/core/common_runtime/gpu/gpu_device.cc:1045] Device peer to peer matrix
2017-12-01 14:00:56.891519: I tensorflow/core/common_runtime/gpu/gpu_device.cc:1051] DMA: 0 1 2 3 
2017-12-01 14:00:56.891527: I tensorflow/core/common_runtime/gpu/gpu_device.cc:1061] 0:   Y Y N N 
2017-12-01 14:00:56.891531: I tensorflow/core/common_runtime/gpu/gpu_device.cc:1061] 1:   Y Y N N 
2017-12-01 14:00:56.891534: I tensorflow/core/common_runtime/gpu/gpu_device.cc:1061] 2:   N N Y Y 
2017-12-01 14:00:56.891537: I tensorflow/core/common_runtime/gpu/gpu_device.cc:1061] 3:   N N Y Y 
2017-12-01 14:00:56.891551: I tensorflow/core/common_runtime/gpu/gpu_device.cc:1120] Creating TensorFlow device (/device:GPU:0) -> (device: 0, name: Tesla K40m, pci bus id: 0000:02:00.0, compute capability: 3.5)
2017-12-01 14:00:56.891557: I tensorflow/core/common_runtime/gpu/gpu_device.cc:1120] Creating TensorFlow device (/device:GPU:1) -> (device: 1, name: Tesla K40m, pci bus id: 0000:03:00.0, compute capability: 3.5)
2017-12-01 14:00:56.891563: I tensorflow/core/common_runtime/gpu/gpu_device.cc:1120] Creating TensorFlow device (/device:GPU:2) -> (device: 2, name: Tesla K40m, pci bus id: 0000:82:00.0, compute capability: 3.5)
2017-12-01 14:00:56.891567: I tensorflow/core/common_runtime/gpu/gpu_device.cc:1120] Creating TensorFlow device (/device:GPU:3) -> (device: 3, name: Tesla K40m, pci bus id: 0000:83:00.0, compute capability: 3.5)
2017-12-01 14:01:02.307634: I tensorflow/stream_executor/dso_loader.cc:129] Couldn't open CUDA library libcupti.so.8.0. LD_LIBRARY_PATH: /usr/local/cuda-8.0/lib64:/home/zhangshichang/torch/install/lib:
2017-12-01 14:01:02.307671: F ./tensorflow/stream_executor/lib/statusor.h:212] Non-OK-status: status_ status: Failed precondition: could not dlopen DSO: libcupti.so.8.0; dlerror: libcupti.so.8.0: cannot open shared object file: No such file or directory
Extracting data/train-images-idx3-ubyte.gz
Extracting data/train-labels-idx1-ubyte.gz
Extracting data/t10k-images-idx3-ubyte.gz
Extracting data/t10k-labels-idx1-ubyte.gz
Accuracy at step 0: 0.0823
Accuracy at step 10: 0.7082
Accuracy at step 20: 0.8259
Accuracy at step 30: 0.8723
Accuracy at step 40: 0.8841
Accuracy at step 50: 0.894
Accuracy at step 60: 0.9022
Accuracy at step 70: 0.907
Accuracy at step 80: 0.9101
Accuracy at step 90: 0.9154
